<?xml version="1.0" encoding="UTF-8"?>
<testsuite name="br.com.biblia.test.VersiculoDAOTest" time="1.703" tests="2" errors="1" skipped="0" failures="0">
  <properties>
    <property name="java.runtime.name" value="Java(TM) SE Runtime Environment"/>
    <property name="sun.boot.library.path" value="/usr/lib/jvm/java-8-oracle/jre/lib/amd64"/>
    <property name="java.vm.version" value="25.131-b11"/>
    <property name="user.country.format" value="BR"/>
    <property name="java.vm.vendor" value="Oracle Corporation"/>
    <property name="maven.multiModuleProjectDirectory" value="/home/lucasm/projetos/malaman/quadrangular"/>
    <property name="java.vendor.url" value="http://java.oracle.com/"/>
    <property name="path.separator" value=":"/>
    <property name="guice.disable.misplaced.annotation.check" value="true"/>
    <property name="java.vm.name" value="Java HotSpot(TM) 64-Bit Server VM"/>
    <property name="file.encoding.pkg" value="sun.io"/>
    <property name="user.country" value="US"/>
    <property name="sun.java.launcher" value="SUN_STANDARD"/>
    <property name="sun.os.patch.level" value="unknown"/>
    <property name="java.vm.specification.name" value="Java Virtual Machine Specification"/>
    <property name="user.dir" value="/home/lucasm/projetos/malaman/quadrangular"/>
    <property name="java.runtime.version" value="1.8.0_131-b11"/>
    <property name="java.awt.graphicsenv" value="sun.awt.X11GraphicsEnvironment"/>
    <property name="java.endorsed.dirs" value="/usr/lib/jvm/java-8-oracle/jre/lib/endorsed"/>
    <property name="os.arch" value="amd64"/>
    <property name="java.io.tmpdir" value="/tmp"/>
    <property name="line.separator" value="&#10;"/>
    <property name="java.vm.specification.vendor" value="Oracle Corporation"/>
    <property name="os.name" value="Linux"/>
    <property name="classworlds.conf" value="/usr/share/maven/bin/m2.conf"/>
    <property name="sun.jnu.encoding" value="UTF-8"/>
    <property name="java.library.path" value="/usr/java/packages/lib/amd64:/usr/lib64:/lib64:/lib:/usr/lib"/>
    <property name="java.specification.name" value="Java Platform API Specification"/>
    <property name="java.class.version" value="52.0"/>
    <property name="sun.management.compiler" value="HotSpot 64-Bit Tiered Compilers"/>
    <property name="os.version" value="4.8.0-49-generic"/>
    <property name="user.home" value="/home/lucasm"/>
    <property name="user.timezone" value="America/Sao_Paulo"/>
    <property name="java.awt.printerjob" value="sun.print.PSPrinterJob"/>
    <property name="java.specification.version" value="1.8"/>
    <property name="file.encoding" value="UTF-8"/>
    <property name="user.name" value="lucasm"/>
    <property name="java.class.path" value="/usr/share/maven/boot/plexus-classworlds-2.x.jar"/>
    <property name="java.vm.specification.version" value="1.8"/>
    <property name="sun.arch.data.model" value="64"/>
    <property name="java.home" value="/usr/lib/jvm/java-8-oracle/jre"/>
    <property name="sun.java.command" value="org.codehaus.plexus.classworlds.launcher.Launcher install"/>
    <property name="java.specification.vendor" value="Oracle Corporation"/>
    <property name="user.language" value="en"/>
    <property name="user.language.format" value="pt"/>
    <property name="awt.toolkit" value="sun.awt.X11.XToolkit"/>
    <property name="java.vm.info" value="mixed mode"/>
    <property name="java.version" value="1.8.0_131"/>
    <property name="java.ext.dirs" value="/usr/lib/jvm/java-8-oracle/jre/lib/ext:/usr/java/packages/lib/ext"/>
    <property name="securerandom.source" value="file:/dev/./urandom"/>
    <property name="sun.boot.class.path" value="/usr/lib/jvm/java-8-oracle/jre/lib/resources.jar:/usr/lib/jvm/java-8-oracle/jre/lib/rt.jar:/usr/lib/jvm/java-8-oracle/jre/lib/sunrsasign.jar:/usr/lib/jvm/java-8-oracle/jre/lib/jsse.jar:/usr/lib/jvm/java-8-oracle/jre/lib/jce.jar:/usr/lib/jvm/java-8-oracle/jre/lib/charsets.jar:/usr/lib/jvm/java-8-oracle/jre/lib/jfr.jar:/usr/lib/jvm/java-8-oracle/jre/classes"/>
    <property name="java.vendor" value="Oracle Corporation"/>
    <property name="maven.home" value="/usr/share/maven"/>
    <property name="file.separator" value="/"/>
    <property name="java.vendor.url.bug" value="http://bugreport.sun.com/bugreport/"/>
    <property name="sun.cpu.endian" value="little"/>
    <property name="sun.io.unicode.encoding" value="UnicodeLittle"/>
    <property name="sun.desktop" value="gnome"/>
    <property name="sun.cpu.isalist" value=""/>
  </properties>
  <testcase name="testFindAllAfterDeleteAll" classname="br.com.biblia.test.VersiculoDAOTest" time="1.669"/>
  <testcase name="testGetOne" classname="br.com.biblia.test.VersiculoDAOTest" time="0.034">
    <error message="Unable to find br.com.biblia.core.model.versiculo.Versiculo with id VersiculoKey(994, 25, 12)" type="javax.persistence.EntityNotFoundException">javax.persistence.EntityNotFoundException: Unable to find br.com.biblia.core.model.versiculo.Versiculo with id VersiculoKey(994, 25, 12)
	at org.hibernate.jpa.boot.internal.EntityManagerFactoryBuilderImpl$JpaEntityNotFoundDelegate.handleEntityNotFound(EntityManagerFactoryBuilderImpl.java:144)
	at org.hibernate.proxy.AbstractLazyInitializer.checkTargetState(AbstractLazyInitializer.java:242)
	at org.hibernate.proxy.AbstractLazyInitializer.initialize(AbstractLazyInitializer.java:159)
	at org.hibernate.proxy.AbstractLazyInitializer.getImplementation(AbstractLazyInitializer.java:266)
	at org.hibernate.proxy.pojo.javassist.JavassistLazyInitializer.invoke(JavassistLazyInitializer.java:73)
	at br.com.biblia.core.model.versiculo.Versiculo_$$_jvstf1d_5.getExpressoes(Versiculo_$$_jvstf1d_5.java)
	at br.com.biblia.test.VersiculoDAOTest.testGetOne(VersiculoDAOTest.java:44)
</error>
    <system-out><![CDATA[2017-05-02 21:53:43.211  INFO 15305 --- [           main] o.s.t.c.transaction.TransactionContext   : Began transaction (1) for test context [DefaultTestContext@1e258d3b testClass = VersiculoDAOTest, testInstance = br.com.biblia.test.VersiculoDAOTest@6d31f14, testMethod = testGetOne@VersiculoDAOTest, testException = [null], mergedContextConfiguration = [MergedContextConfiguration@1e8bccfb testClass = VersiculoDAOTest, locations = '{}', classes = '{class br.com.biblia.Application, class br.com.biblia.Application}', contextInitializerClasses = '[]', activeProfiles = '{}', propertySourceLocations = '{}', propertySourceProperties = '{org.springframework.boot.test.context.SpringBootTestContextBootstrapper=true}', contextCustomizers = set[org.springframework.boot.test.context.SpringBootTestContextCustomizer@7b69c6ba, org.springframework.boot.test.context.filter.ExcludeFilterContextCustomizer@13c27452, org.springframework.boot.test.mock.mockito.MockitoContextCustomizer@0, org.springframework.boot.test.autoconfigure.properties.PropertyMappingContextCustomizer@0, org.springframework.boot.test.autoconfigure.web.servlet.WebDriverContextCustomizerFactory$Customizer@cb0ed20], contextLoader = 'org.springframework.boot.test.context.SpringBootContextLoader', parent = [null]]]; transaction manager [org.springframework.orm.jpa.JpaTransactionManager@4fd7b79]; rollback [true]
2017-05-02 21:53:43.212  INFO 15305 --- [           main] o.s.jdbc.datasource.init.ScriptUtils     : Executing SQL script from Byte array resource [from inlined SQL statement: DELETE FROM expressao]
2017-05-02 21:53:43.233  INFO 15305 --- [           main] o.s.jdbc.datasource.init.ScriptUtils     : Executed SQL script from Byte array resource [from inlined SQL statement: DELETE FROM expressao] in 21 ms.
Hibernate: select versiculo0_.capitulo_id as capitulo1_8_0_, versiculo0_.id as id2_8_0_, versiculo0_.livro_id as livro_id3_8_0_, versiculo0_.idioma as idioma4_8_0_, versiculo0_.numero as numero5_8_0_, versiculo0_.qtd_aumento as qtd_aume6_8_0_, versiculo0_.texto as texto7_8_0_, capitulo1_.id as id1_0_1_, capitulo1_.livro_id as livro_id2_0_1_, capitulo1_.titulo as titulo3_0_1_, livro2_.id as id1_5_2_, livro2_.nome as nome2_5_2_, livro2_.ordem as ordem3_5_2_, livro2_.testamento as testamen4_5_2_ from versiculo versiculo0_ left outer join capitulo capitulo1_ on versiculo0_.capitulo_id=capitulo1_.id and versiculo0_.livro_id=capitulo1_.livro_id left outer join livro livro2_ on capitulo1_.livro_id=livro2_.id where versiculo0_.capitulo_id=? and versiculo0_.id=? and versiculo0_.livro_id=?
2017-05-02 21:53:43.239  INFO 15305 --- [           main] o.s.t.c.transaction.TransactionContext   : Rolled back transaction for test context [DefaultTestContext@1e258d3b testClass = VersiculoDAOTest, testInstance = br.com.biblia.test.VersiculoDAOTest@6d31f14, testMethod = testGetOne@VersiculoDAOTest, testException = javax.persistence.EntityNotFoundException: Unable to find br.com.biblia.core.model.versiculo.Versiculo with id VersiculoKey(994, 25, 12), mergedContextConfiguration = [MergedContextConfiguration@1e8bccfb testClass = VersiculoDAOTest, locations = '{}', classes = '{class br.com.biblia.Application, class br.com.biblia.Application}', contextInitializerClasses = '[]', activeProfiles = '{}', propertySourceLocations = '{}', propertySourceProperties = '{org.springframework.boot.test.context.SpringBootTestContextBootstrapper=true}', contextCustomizers = set[org.springframework.boot.test.context.SpringBootTestContextCustomizer@7b69c6ba, org.springframework.boot.test.context.filter.ExcludeFilterContextCustomizer@13c27452, org.springframework.boot.test.mock.mockito.MockitoContextCustomizer@0, org.springframework.boot.test.autoconfigure.properties.PropertyMappingContextCustomizer@0, org.springframework.boot.test.autoconfigure.web.servlet.WebDriverContextCustomizerFactory$Customizer@cb0ed20], contextLoader = 'org.springframework.boot.test.context.SpringBootContextLoader', parent = [null]]].
]]></system-out>
  </testcase>
</testsuite>