<?xml version="1.0" encoding="UTF-8"?>
<testsuite name="br.com.biblia.test.VersiculoJSONParserTest" time="0.058" tests="1" errors="1" skipped="0" failures="0">
  <properties>
    <property name="java.runtime.name" value="Java(TM) SE Runtime Environment"/>
    <property name="sun.boot.library.path" value="/usr/lib/jvm/java-8-oracle/jre/lib/amd64"/>
    <property name="java.vm.version" value="25.131-b11"/>
    <property name="user.country.format" value="BR"/>
    <property name="java.vm.vendor" value="Oracle Corporation"/>
    <property name="maven.multiModuleProjectDirectory" value="/home/lucasm/projetos/malaman/quadrangular"/>
    <property name="java.vendor.url" value="http://java.oracle.com/"/>
    <property name="path.separator" value=":"/>
    <property name="guice.disable.misplaced.annotation.check" value="true"/>
    <property name="java.vm.name" value="Java HotSpot(TM) 64-Bit Server VM"/>
    <property name="file.encoding.pkg" value="sun.io"/>
    <property name="user.country" value="US"/>
    <property name="sun.java.launcher" value="SUN_STANDARD"/>
    <property name="sun.os.patch.level" value="unknown"/>
    <property name="java.vm.specification.name" value="Java Virtual Machine Specification"/>
    <property name="user.dir" value="/home/lucasm/projetos/malaman/quadrangular"/>
    <property name="java.runtime.version" value="1.8.0_131-b11"/>
    <property name="java.awt.graphicsenv" value="sun.awt.X11GraphicsEnvironment"/>
    <property name="java.endorsed.dirs" value="/usr/lib/jvm/java-8-oracle/jre/lib/endorsed"/>
    <property name="os.arch" value="amd64"/>
    <property name="java.io.tmpdir" value="/tmp"/>
    <property name="line.separator" value="&#10;"/>
    <property name="java.vm.specification.vendor" value="Oracle Corporation"/>
    <property name="os.name" value="Linux"/>
    <property name="classworlds.conf" value="/usr/share/maven/bin/m2.conf"/>
    <property name="sun.jnu.encoding" value="UTF-8"/>
    <property name="java.library.path" value="/usr/java/packages/lib/amd64:/usr/lib64:/lib64:/lib:/usr/lib"/>
    <property name="java.specification.name" value="Java Platform API Specification"/>
    <property name="java.class.version" value="52.0"/>
    <property name="sun.management.compiler" value="HotSpot 64-Bit Tiered Compilers"/>
    <property name="os.version" value="4.8.0-49-generic"/>
    <property name="user.home" value="/home/lucasm"/>
    <property name="user.timezone" value="America/Sao_Paulo"/>
    <property name="java.awt.printerjob" value="sun.print.PSPrinterJob"/>
    <property name="java.specification.version" value="1.8"/>
    <property name="file.encoding" value="UTF-8"/>
    <property name="user.name" value="lucasm"/>
    <property name="java.class.path" value="/usr/share/maven/boot/plexus-classworlds-2.x.jar"/>
    <property name="java.vm.specification.version" value="1.8"/>
    <property name="sun.arch.data.model" value="64"/>
    <property name="java.home" value="/usr/lib/jvm/java-8-oracle/jre"/>
    <property name="sun.java.command" value="org.codehaus.plexus.classworlds.launcher.Launcher install"/>
    <property name="java.specification.vendor" value="Oracle Corporation"/>
    <property name="user.language" value="en"/>
    <property name="user.language.format" value="pt"/>
    <property name="awt.toolkit" value="sun.awt.X11.XToolkit"/>
    <property name="java.vm.info" value="mixed mode"/>
    <property name="java.version" value="1.8.0_131"/>
    <property name="java.ext.dirs" value="/usr/lib/jvm/java-8-oracle/jre/lib/ext:/usr/java/packages/lib/ext"/>
    <property name="securerandom.source" value="file:/dev/./urandom"/>
    <property name="sun.boot.class.path" value="/usr/lib/jvm/java-8-oracle/jre/lib/resources.jar:/usr/lib/jvm/java-8-oracle/jre/lib/rt.jar:/usr/lib/jvm/java-8-oracle/jre/lib/sunrsasign.jar:/usr/lib/jvm/java-8-oracle/jre/lib/jsse.jar:/usr/lib/jvm/java-8-oracle/jre/lib/jce.jar:/usr/lib/jvm/java-8-oracle/jre/lib/charsets.jar:/usr/lib/jvm/java-8-oracle/jre/lib/jfr.jar:/usr/lib/jvm/java-8-oracle/jre/classes"/>
    <property name="java.vendor" value="Oracle Corporation"/>
    <property name="maven.home" value="/usr/share/maven"/>
    <property name="file.separator" value="/"/>
    <property name="java.vendor.url.bug" value="http://bugreport.sun.com/bugreport/"/>
    <property name="sun.cpu.endian" value="little"/>
    <property name="sun.io.unicode.encoding" value="UnicodeLittle"/>
    <property name="sun.desktop" value="gnome"/>
    <property name="sun.cpu.isalist" value=""/>
  </properties>
  <testcase name="testConvertVersiculoKeyToJson" classname="br.com.biblia.test.VersiculoJSONParserTest" time="0.058">
    <error message="Unrecognized field &quot;json&quot; (class br.com.biblia.core.model.versiculo.VersiculoKey), not marked as ignorable (3 known properties: &quot;livroId&quot;, &quot;id&quot;, &quot;capituloId&quot;])&#10; at [Source: {&quot;id&quot;:1,&quot;capituloId&quot;:2,&quot;livroId&quot;:3,&quot;json&quot;:&quot;{\&quot;id\&quot;:1,\&quot;capituloId\&quot;:2,\&quot;livroId\&quot;:3}&quot;}; line: 1, column: 44] (through reference chain: br.com.biblia.core.model.versiculo.VersiculoKey[&quot;json&quot;])" type="java.lang.RuntimeException">java.lang.RuntimeException: Unrecognized field "json" (class br.com.biblia.core.model.versiculo.VersiculoKey), not marked as ignorable (3 known properties: "livroId", "id", "capituloId"])
 at [Source: {"id":1,"capituloId":2,"livroId":3,"json":"{\"id\":1,\"capituloId\":2,\"livroId\":3}"}; line: 1, column: 44] (through reference chain: br.com.biblia.core.model.versiculo.VersiculoKey["json"])
	at com.fasterxml.jackson.databind.exc.UnrecognizedPropertyException.from(UnrecognizedPropertyException.java:62)
	at com.fasterxml.jackson.databind.DeserializationContext.handleUnknownProperty(DeserializationContext.java:834)
	at com.fasterxml.jackson.databind.deser.std.StdDeserializer.handleUnknownProperty(StdDeserializer.java:1093)
	at com.fasterxml.jackson.databind.deser.BeanDeserializerBase.handleUnknownProperty(BeanDeserializerBase.java:1477)
	at com.fasterxml.jackson.databind.deser.BeanDeserializerBase.handleUnknownVanilla(BeanDeserializerBase.java:1455)
	at com.fasterxml.jackson.databind.deser.BeanDeserializer.deserialize(BeanDeserializer.java:246)
	at com.fasterxml.jackson.databind.deser.BeanDeserializer._deserializeUsingPropertyBased(BeanDeserializer.java:420)
	at com.fasterxml.jackson.databind.deser.BeanDeserializerBase.deserializeFromObjectUsingNonDefault(BeanDeserializerBase.java:1198)
	at com.fasterxml.jackson.databind.deser.BeanDeserializer.deserializeFromObject(BeanDeserializer.java:314)
	at com.fasterxml.jackson.databind.deser.BeanDeserializer.deserialize(BeanDeserializer.java:148)
	at com.fasterxml.jackson.databind.ObjectReader._bindAndClose(ObjectReader.java:1626)
	at com.fasterxml.jackson.databind.ObjectReader.readValue(ObjectReader.java:1220)
	at br.com.biblia.core.model.versiculo.Expressao.setVersiculoKeyAsJsonReturningEntity(Expressao.java:74)
	at br.com.biblia.test.VersiculoJSONParserTest.testConvertVersiculoKeyToJson(VersiculoJSONParserTest.java:21)
</error>
    <system-out><![CDATA[2017-05-02 21:53:43.579  INFO 15305 --- [           main] o.s.t.c.s.DefaultTestContextBootstrapper : Neither @ContextConfiguration nor @ContextHierarchy found for test class [br.com.biblia.test.VersiculoJSONParserTest], using DelegatingSmartContextLoader
2017-05-02 21:53:43.579  INFO 15305 --- [           main] o.s.t.c.support.AbstractContextLoader    : Could not detect default resource locations for test class [br.com.biblia.test.VersiculoJSONParserTest]: no resource found for suffixes {-context.xml}.
2017-05-02 21:53:43.579  INFO 15305 --- [           main] t.c.s.AnnotationConfigContextLoaderUtils : Could not detect default configuration classes for test class [br.com.biblia.test.VersiculoJSONParserTest]: VersiculoJSONParserTest does not declare any static, non-private, non-final, nested classes annotated with @Configuration.
2017-05-02 21:53:43.582  INFO 15305 --- [           main] o.s.t.c.s.DefaultTestContextBootstrapper : Loaded default TestExecutionListener class names from location [META-INF/spring.factories]: [org.springframework.boot.test.mock.mockito.MockitoTestExecutionListener, org.springframework.boot.test.mock.mockito.ResetMocksTestExecutionListener, org.springframework.boot.test.autoconfigure.restdocs.RestDocsTestExecutionListener, org.springframework.boot.test.autoconfigure.web.client.MockRestServiceServerResetTestExecutionListener, org.springframework.boot.test.autoconfigure.web.servlet.MockMvcPrintOnlyOnFailureTestExecutionListener, org.springframework.boot.test.autoconfigure.web.servlet.WebDriverTestExecutionListener, org.springframework.test.context.web.ServletTestExecutionListener, org.springframework.test.context.support.DirtiesContextBeforeModesTestExecutionListener, org.springframework.test.context.support.DependencyInjectionTestExecutionListener, org.springframework.test.context.support.DirtiesContextTestExecutionListener, org.springframework.test.context.transaction.TransactionalTestExecutionListener, org.springframework.test.context.jdbc.SqlScriptsTestExecutionListener]
2017-05-02 21:53:43.582  INFO 15305 --- [           main] o.s.t.c.s.DefaultTestContextBootstrapper : Using TestExecutionListeners: [org.springframework.test.context.web.ServletTestExecutionListener@58a7a58d, org.springframework.test.context.support.DirtiesContextBeforeModesTestExecutionListener@4d8522ff, org.springframework.test.context.support.DependencyInjectionTestExecutionListener@1c9975a8, org.springframework.test.context.support.DirtiesContextTestExecutionListener@3883031d, org.springframework.test.context.transaction.TransactionalTestExecutionListener@5d6d424d, org.springframework.test.context.jdbc.SqlScriptsTestExecutionListener@391b01c5, org.springframework.boot.test.autoconfigure.web.servlet.WebDriverTestExecutionListener@6e78177b, org.springframework.boot.test.autoconfigure.web.client.MockRestServiceServerResetTestExecutionListener@4ec37a42, org.springframework.boot.test.mock.mockito.MockitoTestExecutionListener@798b36fd, org.springframework.boot.test.mock.mockito.ResetMocksTestExecutionListener@18ff1520, org.springframework.boot.test.autoconfigure.restdocs.RestDocsTestExecutionListener@36120a8b, org.springframework.boot.test.autoconfigure.web.servlet.MockMvcPrintOnlyOnFailureTestExecutionListener@63d66761]
2017-05-02 21:53:43.583  INFO 15305 --- [           main] o.s.c.support.GenericApplicationContext  : Refreshing org.springframework.context.support.GenericApplicationContext@434a8938: startup date [Tue May 02 21:53:43 BRT 2017]; root of context hierarchy
]]></system-out>
  </testcase>
</testsuite>